<?xml version="1.0" encoding="UTF-8"?>
<!-- Generated by org.testng.reporters.JUnitXMLReporter -->
<testsuite hostname="DESKTOP-S4HCHPE" ignored="0" name="Testcase" tests="3" failures="0" timestamp="2021-03-19T16:51:12 IST" time="102.962" errors="0">
  <testcase name="searchUpcomingBikes" time="32.459" classname="testCases.UpcomingBikes"/>
  <testcase name="searchUsedCars" time="37.042" classname="testCases.usedCars"/>
  <testcase name="login" time="31.876" classname="testCases.Login"/>
</testsuite> <!-- Testcase -->
