<?xml version="1.0" encoding="UTF-8"?>
<!-- Generated by org.testng.reporters.JUnitXMLReporter -->
<testsuite hostname="DESKTOP-S4HCHPE" ignored="0" name="TestCases" tests="3" failures="0" timestamp="2021-03-17T15:39:32 IST" time="63.128" errors="0">
  <testcase name="login" time="19.013" classname="testCases.allTestCases"/>
  <testcase name="searchUpcomingBikes" time="29.89" classname="testCases.allTestCases"/>
  <testcase name="searchUsedCars" time="14.17" classname="testCases.allTestCases"/>
</testsuite> <!-- TestCases -->
